<?xml version="1.0" encoding="UTF-8"?>
<!-- Generated by org.testng.reporters.JUnitReportReporter -->
<testsuite hostname="DESKTOP-KN5HGPS" failures="0" tests="1" name="testNG.Login" time="7.061" errors="0" timestamp="15 Mar 2024 17:25:36 GMT" skipped="0">
  <testcase classname="testNG.Login" name="Logins" time="7.061"/>
</testsuite> <!-- testNG.Login -->
