<?xml version="1.0" encoding="UTF-8"?>
<!-- Generated by org.testng.reporters.JUnitReportReporter -->
<testsuite hostname="DESKTOP-KN5HGPS" failures="0" tests="1" name="testNG.VarifyTite" time="0.040" errors="0" timestamp="19 Mar 2024 06:34:23 GMT" skipped="0">
  <testcase classname="testNG.VarifyTite" name="Title" time="0.040"/>
</testsuite> <!-- testNG.VarifyTite -->
