<?xml version="1.0" encoding="UTF-8"?>
<!-- Generated by org.testng.reporters.JUnitReportReporter -->
<testsuite hostname="DESKTOP-KN5HGPS" failures="0" tests="1" name="testNG.VarifyLogin" time="7.025" errors="0" timestamp="19 Mar 2024 06:34:23 GMT" skipped="0">
  <testcase classname="testNG.VarifyLogin" name="Logins" time="7.025"/>
</testsuite> <!-- testNG.VarifyLogin -->
