<?xml version="1.0" encoding="UTF-8"?>
<!-- Generated by org.testng.reporters.JUnitReportReporter -->
<testsuite hostname="DESKTOP-KN5HGPS" failures="0" tests="1" name="com.testcase.Login" time="3.054" errors="0" timestamp="12 Apr 2024 18:29:26 GMT" skipped="0">
  <testcase classname="com.testcase.Login" name="loginapp" time="3.054"/>
</testsuite> <!-- com.testcase.Login -->
